#
# There is insufficient memory for the Java Runtime Environment to continue.
# Native memory allocation (mmap) failed to map 39845888 bytes for G1 virtual space
# Possible reasons:
#   The system is out of physical RAM or swap space
#   The process is running with CompressedOops enabled, and the Java Heap may be blocking the growth of the native heap
# Possible solutions:
#   Reduce memory load on the system
#   Increase physical memory or swap space
#   Check if swap backing store is full
#   Decrease Java heap size (-Xmx/-Xms)
#   Decrease number of Java threads
#   Decrease Java thread stack sizes (-Xss)
#   Set larger code cache with -XX:ReservedCodeCacheSize=
#   JVM is running with Zero Based Compressed Oops mode in which the Java heap is
#     placed in the first 32GB address space. The Java Heap base address is the
#     maximum limit for the native heap growth. Please use -XX:HeapBaseMinAddress
#     to set the Java Heap base and to place the Java Heap above 32GB virtual address.
# This output file may be truncated or incomplete.
#
#  Out of Memory Error (os_windows.cpp:3548), pid=3868, tid=8216
#
# JRE version: Java(TM) SE Runtime Environment (17.0.12+8) (build 17.0.12+8-LTS-286)
# Java VM: Java HotSpot(TM) 64-Bit Server VM (17.0.12+8-LTS-286, mixed mode, sharing, tiered, compressed oops, compressed class ptrs, g1 gc, windows-amd64)
# No core dump will be written. Minidumps are not enabled by default on client versions of Windows
#

---------------  S U M M A R Y ------------

Command Line: --enable-native-access=ALL-UNNAMED -Dclassworlds.conf=C:\Program Files\Apache\Maven\apache-maven-3.9.11\bin\m2.conf -Dmaven.home=C:\Program Files\Apache\Maven\apache-maven-3.9.11 -Dlibrary.jansi.path=C:\Program Files\Apache\Maven\apache-maven-3.9.11\lib\jansi-native -Dmaven.multiModuleProjectDirectory=C:\Users\youco\IdeaProjects\SmartLogi-Delivery-Management-System-V2\smrt org.codehaus.plexus.classworlds.launcher.Launcher clean compile test-compile

Host: 11th Gen Intel(R) Core(TM) i5-1135G7 @ 2.40GHz, 8 cores, 15G,  Windows 11 , 64 bit Build 26100 (10.0.26100.7309)
Time: Mon Jan  5 15:29:12 2026 Maroc (heure d64 bit Build 26100 (10.0.26100.7309) elapsed time: 28.734621 seconds (0d 0h 0m 28s)

---------------  T H R E A D  ---------------

Current thread (0x00000283dc5bdd50):  VMThread "VM Thread" [stack: 0x000000f82fa00000,0x000000f82fb00000] [id=8216]

Stack: [0x000000f82fa00000,0x000000f82fb00000]
Native frames: (J=compiled Java code, j=interpreted, Vv=VM code, C=native code)
V  [jvm.dll+0x67a04a]
V  [jvm.dll+0x7da4ed]
V  [jvm.dll+0x7dbe33]
V  [jvm.dll+0x7dc4a3]
V  [jvm.dll+0x24508f]
V  [jvm.dll+0x677089]
V  [jvm.dll+0x66bd32]
V  [jvm.dll+0x301fa6]
V  [jvm.dll+0x309546]
V  [jvm.dll+0x359d2e]
V  [jvm.dll+0x359f5f]
V  [jvm.dll+0x2d9078]
V  [jvm.dll+0x2d74ad]
V  [jvm.dll+0x2d6afc]
V  [jvm.dll+0x31a65b]
V  [jvm.dll+0x7e0d9b]
V  [jvm.dll+0x7e1ad4]
V  [jvm.dll+0x7e1fed]
V  [jvm.dll+0x7e23c4]
V  [jvm.dll+0x7e2490]
V  [jvm.dll+0x78abea]
V  [jvm.dll+0x678f35]
C  [ucrtbase.dll+0x37b0]
C  [KERNEL32.DLL+0x2e8d7]
C  [ntdll.dll+0x8c53c]

VM_Operation (0x000000f82f4f8610): G1CollectForAllocation, mode: safepoint, requested by thread 0x00000283b80717e0


---------------  P R O C E S S  ---------------

Threads class SMR info:
_java_thread_list=0x0000028426496630, length=15, elements={
0x00000283b80717e0, 0x000002841e0080d0, 0x000002841e008c90, 0x000002841e01e1b0,
0x000002841e01eb70, 0x000002841e01f530, 0x000002841e01fef0, 0x000002841e023470,
0x000002841e023f20, 0x000002841e026930, 0x000002841e171740, 0x000002841e176040,
0x000002841e74c040, 0x0000028426d731a0, 0x0000028426d736f0
}

Java Threads: ( => current thread )
  0x00000283b80717e0 JavaThread "main" [_thread_blocked, id=28544, stack(0x000000f82f400000,0x000000f82f500000)]
  0x000002841e0080d0 JavaThread "Reference Handler" daemon [_thread_blocked, id=3684, stack(0x000000f82fb00000,0x000000f82fc00000)]
  0x000002841e008c90 JavaThread "Finalizer" daemon [_thread_blocked, id=23464, stack(0x000000f82fc00000,0x000000f82fd00000)]
  0x000002841e01e1b0 JavaThread "Signal Dispatcher" daemon [_thread_blocked, id=16920, stack(0x000000f82fd00000,0x000000f82fe00000)]
  0x000002841e01eb70 JavaThread "Attach Listener" daemon [_thread_blocked, id=28760, stack(0x000000f82fe00000,0x000000f82ff00000)]
  0x000002841e01f530 JavaThread "Service Thread" daemon [_thread_blocked, id=4952, stack(0x000000f82ff00000,0x000000f830000000)]
  0x000002841e01fef0 JavaThread "Monitor Deflation Thread" daemon [_thread_blocked, id=17100, stack(0x000000f830000000,0x000000f830100000)]
  0x000002841e023470 JavaThread "C2 CompilerThread0" daemon [_thread_blocked, id=28988, stack(0x000000f830100000,0x000000f830200000)]
  0x000002841e023f20 JavaThread "C1 CompilerThread0" daemon [_thread_blocked, id=22396, stack(0x000000f830200000,0x000000f830300000)]
  0x000002841e026930 JavaThread "Sweeper thread" daemon [_thread_blocked, id=26192, stack(0x000000f830300000,0x000000f830400000)]
  0x000002841e171740 JavaThread "Notification Thread" daemon [_thread_blocked, id=24600, stack(0x000000f830400000,0x000000f830500000)]
  0x000002841e176040 JavaThread "Common-Cleaner" daemon [_thread_blocked, id=22592, stack(0x000000f830600000,0x000000f830700000)]
  0x000002841e74c040 JavaThread "Thread-1" daemon [_thread_blocked, id=17360, stack(0x000000f830f00000,0x000000f831000000)]
  0x0000028426d731a0 JavaThread "C2 CompilerThread1" daemon [_thread_blocked, id=22340, stack(0x000000f830800000,0x000000f830900000)]
  0x0000028426d736f0 JavaThread "C2 CompilerThread2" daemon [_thread_blocked, id=6748, stack(0x000000f831000000,0x000000f831100000)]

Other Threads:
=>0x00000283dc5bdd50 VMThread "VM Thread" [stack: 0x000000f82fa00000,0x000000f82fb00000] [id=8216]
  0x00000283b80fd250 WatcherThread [stack: 0x000000f830500000,0x000000f830600000] [id=29628]
  0x00000283b80e0870 GCTaskThread "GC Thread#0" [stack: 0x000000f82f500000,0x000000f82f600000] [id=26340]
  0x000002841e2b7930 GCTaskThread "GC Thread#1" [stack: 0x000000f830900000,0x000000f830a00000] [id=21004]
  0x000002841ebbd380 GCTaskThread "GC Thread#2" [stack: 0x000000f830a00000,0x000000f830b00000] [id=27232]
  0x000002841ebbd640 GCTaskThread "GC Thread#3" [stack: 0x000000f830b00000,0x000000f830c00000] [id=29676]
  0x000002842304a410 GCTaskThread "GC Thread#4" [stack: 0x000000f830c00000,0x000000f830d00000] [id=27600]
  0x000002842304a6d0 GCTaskThread "GC Thread#5" [stack: 0x000000f830d00000,0x000000f830e00000] [id=14620]
  0x000002841eaddd10 GCTaskThread "GC Thread#6" [stack: 0x000000f830e00000,0x000000f830f00000] [id=26900]
  0x000002842387a080 GCTaskThread "GC Thread#7" [stack: 0x000000f830700000,0x000000f830800000] [id=28776]
  0x00000283b80f13c0 ConcurrentGCThread "G1 Main Marker" [stack: 0x000000f82f600000,0x000000f82f700000] [id=29460]
  0x00000283b80f3ab0 ConcurrentGCThread "G1 Conc#0" [stack: 0x000000f82f700000,0x000000f82f800000] [id=2680]
  0x00000284236a4430 ConcurrentGCThread "G1 Conc#1" [stack: 0x000000f831100000,0x000000f831200000] [id=11544]
  0x00000283dc486aa0 ConcurrentGCThread "G1 Refine#0" [stack: 0x000000f82f800000,0x000000f82f900000] [id=28856]
  0x000002841e514b60 ConcurrentGCThread "G1 Refine#1" [stack: 0x000000f831200000,0x000000f831300000] [id=20240]
  0x000002841e3fa2f0 ConcurrentGCThread "G1 Refine#2" [stack: 0x000000f831300000,0x000000f831400000] [id=17276]
  0x0000028425b97560 ConcurrentGCThread "G1 Refine#3" [stack: 0x000000f831400000,0x000000f831500000] [id=29044]
  0x00000283dc487370 ConcurrentGCThread "G1 Service" [stack: 0x000000f82f900000,0x000000f82fa00000] [id=23748]

Threads with active compile tasks:
C2 CompilerThread0    28766 11757       4       com.sun.tools.javac.main.DelegatingJavaFileManager::inferBinaryName (13 bytes)
C2 CompilerThread1    28766 11797       4       com.sun.tools.javac.util.Iterators$2::next (15 bytes)
C2 CompilerThread2    28767 11795       4       com.sun.tools.javac.util.Iterators$2::update (42 bytes)

VM state: at safepoint (normal execution)

VM Mutex/Monitor currently owned by a thread:  ([mutex/lock_event])
[0x00000283b7f2ca80] Threads_lock - owner thread: 0x00000283dc5bdd50
[0x00000283b806f2e0] Heap_lock - owner thread: 0x00000283b80717e0

Heap address: 0x0000000704000000, size: 4032 MB, Compressed Oops mode: Zero based, Oop shift amount: 3

CDS archive(s) mapped at: [0x00000283dd000000-0x00000283ddbd0000-0x00000283ddbd0000), size 12386304, SharedBaseAddress: 0x00000283dd000000, ArchiveRelocationMode: 1.
Compressed class space mapped at: 0x00000283de000000-0x000002841e000000, reserved size: 1073741824
Narrow klass base: 0x00000283dd000000, Narrow klass shift: 0, Narrow klass range: 0x100000000

GC Precious Log:
 CPUs: 8 total, 8 available
 Memory: 16122M
 Large Page Support: Disabled
 NUMA Support: Disabled
 Compressed Oops: Enabled (Zero based)
 Heap Region Size: 2M
 Heap Min Capacity: 8M
 Heap Initial Capacity: 252M
 Heap Max Capacity: 4032M
 Pre-touch: Disabled
 Parallel Workers: 8
 Concurrent Workers: 2
 Concurrent Refinement Workers: 8
 Periodic GC: Disabled

Heap:
 garbage-first heap   total 186368K, used 92853K [0x0000000704000000, 0x0000000800000000)
  region size 2048K, 6 young (12288K), 6 survivors (12288K)
 Metaspace       used 39395K, committed 39936K, reserved 1114112K
  class space    used 4426K, committed 4672K, reserved 1048576K

Heap Regions: E=young(eden), S=young(survivor), O=old, HS=humongous(starts), HC=humongous(continues), CS=collection set, F=free, OA=open archive, CA=closed archive, TAMS=top-at-mark-start (previous, next)
|   0|0x0000000704000000, 0x0000000704200000, 0x0000000704200000|100%| O|  |TAMS 0x0000000704200000, 0x0000000704200000| Untracked 
|   1|0x0000000704200000, 0x0000000704400000, 0x0000000704400000|100%| O|  |TAMS 0x0000000704400000, 0x0000000704400000| Untracked 
|   2|0x0000000704400000, 0x0000000704600000, 0x0000000704600000|100%| O|  |TAMS 0x0000000704600000, 0x0000000704600000| Untracked 
|   3|0x0000000704600000, 0x0000000704800000, 0x0000000704800000|100%|HS|  |TAMS 0x0000000704800000, 0x0000000704800000| Complete 
|   4|0x0000000704800000, 0x0000000704a00000, 0x0000000704a00000|100%| O|  |TAMS 0x0000000704a00000, 0x0000000704a00000| Untracked 
|   5|0x0000000704a00000, 0x0000000704c00000, 0x0000000704c00000|100%| O|  |TAMS 0x0000000704c00000, 0x0000000704c00000| Untracked 
|   6|0x0000000704c00000, 0x0000000704e00000, 0x0000000704e00000|100%| O|  |TAMS 0x0000000704e00000, 0x0000000704e00000| Untracked 
|   7|0x0000000704e00000, 0x0000000705000000, 0x0000000705000000|100%| O|  |TAMS 0x0000000705000000, 0x0000000705000000| Untracked 
|   8|0x0000000705000000, 0x0000000705200000, 0x0000000705200000|100%| O|  |TAMS 0x0000000705200000, 0x0000000705200000| Untracked 
|   9|0x0000000705200000, 0x0000000705400000, 0x0000000705400000|100%|HS|  |TAMS 0x0000000705400000, 0x0000000705400000| Complete 
|  10|0x0000000705400000, 0x0000000705600000, 0x0000000705600000|100%| O|  |TAMS 0x0000000705600000, 0x0000000705600000| Untracked 
|  11|0x0000000705600000, 0x0000000705800000, 0x0000000705800000|100%| O|  |TAMS 0x0000000705800000, 0x0000000705800000| Untracked 
|  12|0x0000000705800000, 0x0000000705a00000, 0x0000000705a00000|100%| O|  |TAMS 0x0000000705a00000, 0x0000000705a00000| Untracked 
|  13|0x0000000705a00000, 0x0000000705c00000, 0x0000000705c00000|100%| O|  |TAMS 0x0000000705c00000, 0x0000000705c00000| Untracked 
|  14|0x0000000705c00000, 0x0000000705e00000, 0x0000000705e00000|100%| O|  |TAMS 0x0000000705e00000, 0x0000000705e00000| Untracked 
|  15|0x0000000705e00000, 0x0000000706000000, 0x0000000706000000|100%| O|  |TAMS 0x0000000706000000, 0x0000000706000000| Untracked 
|  16|0x0000000706000000, 0x0000000706200000, 0x0000000706200000|100%| O|  |TAMS 0x0000000706200000, 0x0000000706200000| Untracked 
|  17|0x0000000706200000, 0x0000000706320400, 0x0000000706400000| 56%| O|  |TAMS 0x0000000706320400, 0x0000000706320400| Untracked 
|  18|0x0000000706400000, 0x0000000706600000, 0x0000000706600000|100%| O|  |TAMS 0x0000000706400000, 0x0000000706600000| Untracked 
|  19|0x0000000706600000, 0x0000000706800000, 0x0000000706800000|100%| O|  |TAMS 0x0000000706800000, 0x0000000706800000| Untracked 
|  20|0x0000000706800000, 0x0000000706a00000, 0x0000000706a00000|100%| O|  |TAMS 0x0000000706a00000, 0x0000000706a00000| Untracked 
|  21|0x0000000706a00000, 0x0000000706c00000, 0x0000000706c00000|100%| O|  |TAMS 0x0000000706c00000, 0x0000000706c00000| Untracked 
|  22|0x0000000706c00000, 0x0000000706e00000, 0x0000000706e00000|100%| O|  |TAMS 0x0000000706e00000, 0x0000000706e00000| Untracked 
|  23|0x0000000706e00000, 0x0000000707000000, 0x0000000707000000|100%| O|  |TAMS 0x0000000706e00000, 0x0000000707000000| Untracked 
|  24|0x0000000707000000, 0x0000000707200000, 0x0000000707200000|100%| O|  |TAMS 0x0000000707000000, 0x00000007071b7a00| Untracked 
|  25|0x0000000707200000, 0x0000000707400000, 0x0000000707400000|100%|HS|  |TAMS 0x0000000707200000, 0x0000000707200000| Complete 
|  26|0x0000000707400000, 0x0000000707600000, 0x0000000707600000|100%|HS|  |TAMS 0x0000000707400000, 0x0000000707400000| Complete 
|  27|0x0000000707600000, 0x0000000707800000, 0x0000000707800000|100%|HC|  |TAMS 0x0000000707600000, 0x0000000707600000| Complete 
|  28|0x0000000707800000, 0x0000000707a00000, 0x0000000707a00000|100%| O|  |TAMS 0x0000000707800000, 0x0000000707800000| Untracked 
|  29|0x0000000707a00000, 0x0000000707c00000, 0x0000000707c00000|100%| O|  |TAMS 0x0000000707a00000, 0x0000000707a00000| Untracked 
|  30|0x0000000707c00000, 0x0000000707e00000, 0x0000000707e00000|100%| O|  |TAMS 0x0000000707c00000, 0x0000000707c00000| Untracked 
|  31|0x0000000707e00000, 0x0000000708000000, 0x0000000708000000|100%| O|  |TAMS 0x0000000707e00000, 0x0000000707e00000| Untracked 
|  32|0x0000000708000000, 0x0000000708200000, 0x0000000708200000|100%| O|  |TAMS 0x0000000708000000, 0x0000000708000000| Untracked 
|  33|0x0000000708200000, 0x0000000708400000, 0x0000000708400000|100%| O|  |TAMS 0x0000000708200000, 0x0000000708200000| Untracked 
|  34|0x0000000708400000, 0x0000000708600000, 0x0000000708600000|100%| O|  |TAMS 0x0000000708400000, 0x0000000708400000| Untracked 
|  35|0x0000000708600000, 0x0000000708800000, 0x0000000708800000|100%| S|CS|TAMS 0x0000000708600000, 0x0000000708600000| Complete 
|  36|0x0000000708800000, 0x0000000708a00000, 0x0000000708a00000|100%| S|CS|TAMS 0x0000000708800000, 0x0000000708800000| Complete 
|  37|0x0000000708a00000, 0x0000000708c00000, 0x0000000708c00000|100%| S|CS|TAMS 0x0000000708a00000, 0x0000000708a00000| Complete 
|  38|0x0000000708c00000, 0x0000000708e00000, 0x0000000708e00000|100%| S|CS|TAMS 0x0000000708c00000, 0x0000000708c00000| Complete 
|  39|0x0000000708e00000, 0x0000000709000000, 0x0000000709000000|100%| S|CS|TAMS 0x0000000708e00000, 0x0000000708e00000| Complete 
|  40|0x0000000709000000, 0x0000000709200000, 0x0000000709200000|100%| S|CS|TAMS 0x0000000709000000, 0x0000000709000000| Complete 
|  41|0x0000000709200000, 0x0000000709400000, 0x0000000709400000|100%| O|  |TAMS 0x0000000709200000, 0x0000000709200000| Untracked 
|  42|0x0000000709400000, 0x0000000709600000, 0x0000000709600000|100%| O|  |TAMS 0x0000000709400000, 0x0000000709400000| Untracked 
|  43|0x0000000709600000, 0x0000000709600000, 0x0000000709800000|  0%| F|  |TAMS 0x0000000709600000, 0x0000000709600000| Untracked 
|  44|0x0000000709800000, 0x0000000709800000, 0x0000000709a00000|  0%| F|  |TAMS 0x0000000709800000, 0x0000000709800000| Untracked 
|  45|0x0000000709a00000, 0x0000000709a00000, 0x0000000709c00000|  0%| F|  |TAMS 0x0000000709a00000, 0x0000000709a00000| Untracked 
|  46|0x0000000709c00000, 0x0000000709c00000, 0x0000000709e00000|  0%| F|  |TAMS 0x0000000709c00000, 0x0000000709c00000| Untracked 
|  47|0x0000000709e00000, 0x0000000709e00000, 0x000000070a000000|  0%| F|  |TAMS 0x0000000709e00000, 0x0000000709e00000| Untracked 
|  48|0x000000070a000000, 0x000000070a000000, 0x000000070a200000|  0%| F|  |TAMS 0x000000070a000000, 0x000000070a000000| Untracked 
|  49|0x000000070a200000, 0x000000070a200000, 0x000000070a400000|  0%| F|  |TAMS 0x000000070a200000, 0x000000070a200000| Untracked 
|  50|0x000000070a400000, 0x000000070a400000, 0x000000070a600000|  0%| F|  |TAMS 0x000000070a400000, 0x000000070a400000| Untracked 
|  51|0x000000070a600000, 0x000000070a600000, 0x000000070a800000|  0%| F|  |TAMS 0x000000070a600000, 0x000000070a600000| Untracked 
|  52|0x000000070a800000, 0x000000070a800000, 0x000000070aa00000|  0%| F|  |TAMS 0x000000070a800000, 0x000000070a800000| Untracked 
|  53|0x000000070aa00000, 0x000000070aa00000, 0x000000070ac00000|  0%| F|  |TAMS 0x000000070aa00000, 0x000000070aa00000| Untracked 
|  54|0x000000070ac00000, 0x000000070ac00000, 0x000000070ae00000|  0%| F|  |TAMS 0x000000070ac00000, 0x000000070ac00000| Untracked 
|  55|0x000000070ae00000, 0x000000070ae00000, 0x000000070b000000|  0%| F|  |TAMS 0x000000070ae00000, 0x000000070ae00000| Untracked 
|  56|0x000000070b000000, 0x000000070b000000, 0x000000070b200000|  0%| F|  |TAMS 0x000000070b000000, 0x000000070b000000| Untracked 
|  57|0x000000070b200000, 0x000000070b200000, 0x000000070b400000|  0%| F|  |TAMS 0x000000070b200000, 0x000000070b200000| Untracked 
|  58|0x000000070b400000, 0x000000070b400000, 0x000000070b600000|  0%| F|  |TAMS 0x000000070b400000, 0x000000070b400000| Untracked 
|  59|0x000000070b600000, 0x000000070b600000, 0x000000070b800000|  0%| F|  |TAMS 0x000000070b600000, 0x000000070b600000| Untracked 
|  60|0x000000070b800000, 0x000000070b800000, 0x000000070ba00000|  0%| F|  |TAMS 0x000000070b800000, 0x000000070b800000| Untracked 
|  61|0x000000070ba00000, 0x000000070ba00000, 0x000000070bc00000|  0%| F|  |TAMS 0x000000070ba00000, 0x000000070ba00000| Untracked 
|  62|0x000000070bc00000, 0x000000070bc00000, 0x000000070be00000|  0%| F|  |TAMS 0x000000070bc00000, 0x000000070bc00000| Untracked 
|  63|0x000000070be00000, 0x000000070be00000, 0x000000070c000000|  0%| F|  |TAMS 0x000000070be00000, 0x000000070be00000| Untracked 
|  64|0x000000070c000000, 0x000000070c000000, 0x000000070c200000|  0%| F|  |TAMS 0x000000070c000000, 0x000000070c000000| Untracked 
|  65|0x000000070c200000, 0x000000070c200000, 0x000000070c400000|  0%| F|  |TAMS 0x000000070c200000, 0x000000070c200000| Untracked 
|  66|0x000000070c400000, 0x000000070c400000, 0x000000070c600000|  0%| F|  |TAMS 0x000000070c400000, 0x000000070c400000| Untracked 
|  67|0x000000070c600000, 0x000000070c600000, 0x000000070c800000|  0%| F|  |TAMS 0x000000070c600000, 0x000000070c600000| Untracked 
|  68|0x000000070c800000, 0x000000070c800000, 0x000000070ca00000|  0%| F|  |TAMS 0x000000070c800000, 0x000000070c800000| Untracked 
|  69|0x000000070ca00000, 0x000000070ca00000, 0x000000070cc00000|  0%| F|  |TAMS 0x000000070ca00000, 0x000000070ca00000| Untracked 
|  70|0x000000070cc00000, 0x000000070cc00000, 0x000000070ce00000|  0%| F|  |TAMS 0x000000070cc00000, 0x000000070cc00000| Untracked 
|  71|0x000000070ce00000, 0x000000070ce00000, 0x000000070d000000|  0%| F|  |TAMS 0x000000070ce00000, 0x000000070ce00000| Untracked 
|  72|0x000000070d000000, 0x000000070d000000, 0x000000070d200000|  0%| F|  |TAMS 0x000000070d000000, 0x000000070d000000| Untracked 
|  73|0x000000070d200000, 0x000000070d200000, 0x000000070d400000|  0%| F|  |TAMS 0x000000070d200000, 0x000000070d200000| Untracked 
|  74|0x000000070d400000, 0x000000070d400000, 0x000000070d600000|  0%| F|  |TAMS 0x000000070d400000, 0x000000070d400000| Untracked 
|  75|0x000000070d600000, 0x000000070d600000, 0x000000070d800000|  0%| F|  |TAMS 0x000000070d600000, 0x000000070d600000| Untracked 
|  76|0x000000070d800000, 0x000000070d800000, 0x000000070da00000|  0%| F|  |TAMS 0x000000070d800000, 0x000000070d800000| Untracked 
|  77|0x000000070da00000, 0x000000070da00000, 0x000000070dc00000|  0%| F|  |TAMS 0x000000070da00000, 0x000000070da00000| Untracked 
|  78|0x000000070dc00000, 0x000000070dc00000, 0x000000070de00000|  0%| F|  |TAMS 0x000000070dc00000, 0x000000070dc00000| Untracked 
|  79|0x000000070de00000, 0x000000070de00000, 0x000000070e000000|  0%| F|  |TAMS 0x000000070de00000, 0x000000070de00000| Untracked 
|  80|0x000000070e000000, 0x000000070e000000, 0x000000070e200000|  0%| F|  |TAMS 0x000000070e000000, 0x000000070e000000| Untracked 
|  81|0x000000070e200000, 0x000000070e200000, 0x000000070e400000|  0%| F|  |TAMS 0x000000070e200000, 0x000000070e200000| Untracked 
|  82|0x000000070e400000, 0x000000070e400000, 0x000000070e600000|  0%| F|  |TAMS 0x000000070e400000, 0x000000070e400000| Untracked 
|  83|0x000000070e600000, 0x000000070e600000, 0x000000070e800000|  0%| F|  |TAMS 0x000000070e600000, 0x000000070e600000| Untracked 
|  84|0x000000070e800000, 0x000000070e800000, 0x000000070ea00000|  0%| F|  |TAMS 0x000000070e800000, 0x000000070e800000| Untracked 
|  85|0x000000070ea00000, 0x000000070ea00000, 0x000000070ec00000|  0%| F|  |TAMS 0x000000070ea00000, 0x000000070ea00000| Untracked 
| 105|0x0000000711200000, 0x0000000711200000, 0x0000000711400000|  0%| F|  |TAMS 0x0000000711200000, 0x0000000711200000| Untracked 
| 125|0x0000000713a00000, 0x0000000713a00000, 0x0000000713c00000|  0%| F|  |TAMS 0x0000000713a00000, 0x0000000713a00000| Untracked 
|2013|0x00000007ffa00000, 0x00000007ffb8d200, 0x00000007ffc00000| 77%| O|  |TAMS 0x00000007ffa00000, 0x00000007ffa00000| Untracked 
|2014|0x00000007ffc00000, 0x00000007ffe00000, 0x00000007ffe00000|100%| O|  |TAMS 0x00000007ffe00000, 0x00000007ffe00000| Untracked 
|2015|0x00000007ffe00000, 0x0000000800000000, 0x0000000800000000|100%| O|  |TAMS 0x0000000800000000, 0x0000000800000000| Untracked 

Card table byte_map: [0x00000283d1350000,0x00000283d1b30000] _byte_map_base: 0x00000283cdb30000

Marking Bits (Prev, Next): (CMBitMap*) 0x00000283b80e0e90, (CMBitMap*) 0x00000283b80e0ed0
 Prev Bits: [0x00000283d2310000, 0x00000283d6210000)
 Next Bits: [0x00000283d6210000, 0x00000283da110000)

Polling page: 0x00000283b8140000

Metaspace:

Usage:
  Non-class:     34.15 MB used.
      Class:      4.32 MB used.
       Both:     38.47 MB used.

Virtual space:
  Non-class space:       64.00 MB reserved,      34.44 MB ( 54%) committed,  1 nodes.
      Class space:        1.00 GB reserved,       4.56 MB ( <1%) committed,  1 nodes.
             Both:        1.06 GB reserved,      39.00 MB (  4%) committed. 

Chunk freelists:
   Non-Class:  13.06 MB
       Class:  11.28 MB
        Both:  24.34 MB

MaxMetaspaceSize: unlimited
CompressedClassSpaceSize: 1.00 GB
Initial GC threshold: 21.00 MB
Current GC threshold: 48.12 MB
CDS: on
MetaspaceReclaimPolicy: balanced
 - commit_granule_bytes: 65536.
 - commit_granule_words: 8192.
 - virtual_space_node_default_size: 8388608.
 - enlarge_chunks_in_place: 1.
 - new_chunks_are_fully_committed: 0.
 - uncommit_free_chunks: 1.
 - use_allocation_guard: 0.
 - handle_deallocations: 1.


Internal statistics:

num_allocs_failed_limit: 3.
num_arena_births: 478.
num_arena_deaths: 0.
num_vsnodes_births: 2.
num_vsnodes_deaths: 0.
num_space_committed: 623.
num_space_uncommitted: 0.
num_chunks_returned_to_freelist: 3.
num_chunks_taken_from_freelist: 2033.
num_chunk_merges: 3.
num_chunk_splits: 1319.
num_chunks_enlarged: 921.
num_inconsistent_stats: 0.

CodeHeap 'non-profiled nmethods': size=120000Kb used=6604Kb max_used=7052Kb free=113395Kb
 bounds [0x00000283c8bd0000, 0x00000283c92c0000, 0x00000283d0100000]
CodeHeap 'profiled nmethods': size=120000Kb used=22343Kb max_used=23785Kb free=97656Kb
 bounds [0x00000283c1100000, 0x00000283c2840000, 0x00000283c8630000]
CodeHeap 'non-nmethods': size=5760Kb used=1265Kb max_used=1341Kb free=4495Kb
 bounds [0x00000283c8630000, 0x00000283c88a0000, 0x00000283c8bd0000]
 total_blobs=10018 nmethods=9452 adapters=477
 compilation: enabled
              stopped_count=0, restarted_count=0
 full_count=0

Compilation events (20 events):
Event: 27.369 Thread 0x000002841e023470 nmethod 11761 0x00000283c9109610 code [0x00000283c9109780, 0x00000283c9109818]
Event: 27.369 Thread 0x000002841e023470 11769       4       java.util.Arrays::binarySearch0 (83 bytes)
Event: 27.374 Thread 0x000002841e023470 nmethod 11769 0x00000283c91e3a90 code [0x00000283c91e3c20, 0x00000283c91e3ea8]
Event: 27.374 Thread 0x000002841e023470 11777       4       com.sun.tools.javac.code.Symtab::getPackage (26 bytes)
Event: 27.381 Thread 0x000002841e023f20 11842       3       java.util.IdentityHashMap$KeySet::iterator (12 bytes)
Event: 27.381 Thread 0x000002841e023f20 nmethod 11842 0x00000283c1f42990 code [0x00000283c1f42b40, 0x00000283c1f42dc8]
Event: 27.381 Thread 0x000002841e023f20 11843       3       java.util.IdentityHashMap$KeyIterator::<init> (11 bytes)
Event: 27.381 Thread 0x000002841e023f20 nmethod 11843 0x00000283c1ffc990 code [0x00000283c1ffcb40, 0x00000283c1ffccc8]
Event: 27.382 Thread 0x000002841e023470 nmethod 11777 0x00000283c91ebf90 code [0x00000283c91ec160, 0x00000283c91ec758]
Event: 27.382 Thread 0x000002841e023470 11786       4       com.sun.tools.javac.code.Symbol::isStatic (65 bytes)
Event: 27.384 Thread 0x000002841e023470 nmethod 11786 0x00000283c8c1ce10 code [0x00000283c8c1cfa0, 0x00000283c8c1d0e8]
Event: 27.384 Thread 0x000002841e023470 11778       4       com.sun.tools.javac.jvm.PoolReader$$Lambda$362/0x00000283de323918::map (11 bytes)
Event: 27.385 Thread 0x000002841e023470 nmethod 11778 0x00000283c8c1c910 code [0x00000283c8c1caa0, 0x00000283c8c1cc48]
Event: 27.385 Thread 0x000002841e023470 11844       4       lombok.launch.ClassFileMetaData::decodeString (181 bytes)
Event: 27.395 Thread 0x000002841e023470 nmethod 11844 0x00000283c9108510 code [0x00000283c91086c0, 0x00000283c9108ed8]
Event: 27.395 Thread 0x000002841e023470 11845 %     4       lombok.launch.PackageShader::apply @ 76 (252 bytes)
Event: 27.423 Thread 0x000002841e023470 nmethod 11845% 0x00000283c8f06d10 code [0x00000283c8f06ec0, 0x00000283c8f078b8]
Event: 27.423 Thread 0x000002841e023470 11757       4       com.sun.tools.javac.main.DelegatingJavaFileManager::inferBinaryName (13 bytes)
Event: 27.481 Thread 0x000002841e023f20 11847       3       lombok.launch.ClassFileMetaData::<init> (283 bytes)
Event: 27.481 Thread 0x000002841e023f20 nmethod 11847 0x00000283c1442610 code [0x00000283c14428c0, 0x00000283c1443a78]

GC Heap History (20 events):
Event: 13.923 GC heap after
{Heap after GC invocations=7 (full 0):
 garbage-first heap   total 100352K, used 41743K [0x0000000704000000, 0x0000000800000000)
  region size 2048K, 1 young (2048K), 1 survivors (2048K)
 Metaspace       used 26517K, committed 26816K, reserved 1114112K
  class space    used 3052K, committed 3200K, reserved 1048576K
}
Event: 14.367 GC heap before
{Heap before GC invocations=7 (full 0):
 garbage-first heap   total 100352K, used 70415K [0x0000000704000000, 0x0000000800000000)
  region size 2048K, 15 young (30720K), 1 survivors (2048K)
 Metaspace       used 26912K, committed 27264K, reserved 1114112K
  class space    used 3058K, committed 3200K, reserved 1048576K
}
Event: 14.378 GC heap after
{Heap after GC invocations=8 (full 0):
 garbage-first heap   total 100352K, used 48024K [0x0000000704000000, 0x0000000800000000)
  region size 2048K, 2 young (4096K), 2 survivors (4096K)
 Metaspace       used 26912K, committed 27264K, reserved 1114112K
  class space    used 3058K, committed 3200K, reserved 1048576K
}
Event: 15.151 GC heap before
{Heap before GC invocations=8 (full 0):
 garbage-first heap   total 100352K, used 70552K [0x0000000704000000, 0x0000000800000000)
  region size 2048K, 14 young (28672K), 2 survivors (4096K)
 Metaspace       used 28401K, committed 28800K, reserved 1114112K
  class space    used 3204K, committed 3392K, reserved 1048576K
}
Event: 15.160 GC heap after
{Heap after GC invocations=9 (full 0):
 garbage-first heap   total 100352K, used 49980K [0x0000000704000000, 0x0000000800000000)
  region size 2048K, 1 young (2048K), 1 survivors (2048K)
 Metaspace       used 28401K, committed 28800K, reserved 1114112K
  class space    used 3204K, committed 3392K, reserved 1048576K
}
Event: 15.506 GC heap before
{Heap before GC invocations=9 (full 0):
 garbage-first heap   total 100352K, used 74556K [0x0000000704000000, 0x0000000800000000)
  region size 2048K, 13 young (26624K), 1 survivors (2048K)
 Metaspace       used 29136K, committed 29504K, reserved 1114112K
  class space    used 3275K, committed 3456K, reserved 1048576K
}
Event: 15.516 GC heap after
{Heap after GC invocations=10 (full 0):
 garbage-first heap   total 200704K, used 50064K [0x0000000704000000, 0x0000000800000000)
  region size 2048K, 1 young (2048K), 1 survivors (2048K)
 Metaspace       used 29136K, committed 29504K, reserved 1114112K
  class space    used 3275K, committed 3456K, reserved 1048576K
}
Event: 16.539 GC heap before
{Heap before GC invocations=11 (full 0):
 garbage-first heap   total 184320K, used 142224K [0x0000000704000000, 0x0000000800000000)
  region size 2048K, 46 young (94208K), 1 survivors (2048K)
 Metaspace       used 31109K, committed 31488K, reserved 1114112K
  class space    used 3501K, committed 3648K, reserved 1048576K
}
Event: 16.549 GC heap after
{Heap after GC invocations=12 (full 0):
 garbage-first heap   total 184320K, used 54485K [0x0000000704000000, 0x0000000800000000)
  region size 2048K, 4 young (8192K), 4 survivors (8192K)
 Metaspace       used 31109K, committed 31488K, reserved 1114112K
  class space    used 3501K, committed 3648K, reserved 1048576K
}
Event: 19.321 GC heap before
{Heap before GC invocations=12 (full 0):
 garbage-first heap   total 184320K, used 134357K [0x0000000704000000, 0x0000000800000000)
  region size 2048K, 43 young (88064K), 4 survivors (8192K)
 Metaspace       used 36152K, committed 36608K, reserved 1114112K
  class space    used 4118K, committed 4352K, reserved 1048576K
}
Event: 19.336 GC heap after
{Heap after GC invocations=13 (full 0):
 garbage-first heap   total 184320K, used 59465K [0x0000000704000000, 0x0000000800000000)
  region size 2048K, 6 young (12288K), 6 survivors (12288K)
 Metaspace       used 36152K, committed 36608K, reserved 1114112K
  class space    used 4118K, committed 4352K, reserved 1048576K
}
Event: 21.189 GC heap before
{Heap before GC invocations=13 (full 0):
 garbage-first heap   total 184320K, used 139337K [0x0000000704000000, 0x0000000800000000)
  region size 2048K, 45 young (92160K), 6 survivors (12288K)
 Metaspace       used 36277K, committed 36736K, reserved 1114112K
  class space    used 4118K, committed 4352K, reserved 1048576K
}
Event: 21.211 GC heap after
{Heap after GC invocations=14 (full 0):
 garbage-first heap   total 184320K, used 60057K [0x0000000704000000, 0x0000000800000000)
  region size 2048K, 3 young (6144K), 3 survivors (6144K)
 Metaspace       used 36277K, committed 36736K, reserved 1114112K
  class space    used 4118K, committed 4352K, reserved 1048576K
}
Event: 25.144 GC heap before
{Heap before GC invocations=14 (full 0):
 garbage-first heap   total 184320K, used 144025K [0x0000000704000000, 0x0000000800000000)
  region size 2048K, 44 young (90112K), 3 survivors (6144K)
 Metaspace       used 38307K, committed 38848K, reserved 1114112K
  class space    used 4334K, committed 4608K, reserved 1048576K
}
Event: 25.153 GC heap after
{Heap after GC invocations=15 (full 0):
 garbage-first heap   total 184320K, used 60549K [0x0000000704000000, 0x0000000800000000)
  region size 2048K, 4 young (8192K), 4 survivors (8192K)
 Metaspace       used 38307K, committed 38848K, reserved 1114112K
  class space    used 4334K, committed 4608K, reserved 1048576K
}
Event: 26.008 GC heap before
{Heap before GC invocations=15 (full 0):
 garbage-first heap   total 184320K, used 119941K [0x0000000704000000, 0x0000000800000000)
  region size 2048K, 24 young (49152K), 4 survivors (8192K)
 Metaspace       used 38751K, committed 39296K, reserved 1114112K
  class space    used 4356K, committed 4608K, reserved 1048576K
}
Event: 26.020 GC heap after
{Heap after GC invocations=16 (full 0):
 garbage-first heap   total 184320K, used 82783K [0x0000000704000000, 0x0000000800000000)
  region size 2048K, 4 young (8192K), 4 survivors (8192K)
 Metaspace       used 38751K, committed 39296K, reserved 1114112K
  class space    used 4356K, committed 4608K, reserved 1048576K
}
Event: 26.354 GC heap before
{Heap before GC invocations=16 (full 0):
 garbage-first heap   total 184320K, used 105311K [0x0000000704000000, 0x0000000800000000)
  region size 2048K, 10 young (20480K), 4 survivors (8192K)
 Metaspace       used 38802K, committed 39296K, reserved 1114112K
  class space    used 4358K, committed 4608K, reserved 1048576K
}
Event: 26.363 GC heap after
{Heap after GC invocations=17 (full 0):
 garbage-first heap   total 184320K, used 62786K [0x0000000704000000, 0x0000000800000000)
  region size 2048K, 3 young (6144K), 3 survivors (6144K)
 Metaspace       used 38802K, committed 39296K, reserved 1114112K
  class space    used 4358K, committed 4608K, reserved 1048576K
}
Event: 27.484 GC heap before
{Heap before GC invocations=17 (full 0):
 garbage-first heap   total 184320K, used 154946K [0x0000000704000000, 0x0000000800000000)
  region size 2048K, 45 young (92160K), 3 survivors (6144K)
 Metaspace       used 39395K, committed 39936K, reserved 1114112K
  class space    used 4426K, committed 4672K, reserved 1048576K
}

Deoptimization events (20 events):
Event: 27.086 Thread 0x00000283b80717e0 Uncommon trap: trap_request=0xffffff45 fr.pc=0x00000283c8e810e8 relative=0x0000000000000248
Event: 27.086 Thread 0x00000283b80717e0 Uncommon trap: reason=unstable_if action=reinterpret pc=0x00000283c8e810e8 method=com.sun.tools.javac.code.Scope$ScopeImpl.lookup(Lcom/sun/tools/javac/util/Name;Ljava/util/function/Predicate;)Lcom/sun/tools/javac/code/Scope$Entry; @ 58 c2
Event: 27.086 Thread 0x00000283b80717e0 DEOPT PACKING pc=0x00000283c8e810e8 sp=0x000000f82f4fcf80
Event: 27.086 Thread 0x00000283b80717e0 DEOPT UNPACKING pc=0x00000283c8685ba3 sp=0x000000f82f4fceb0 mode 2
Event: 27.100 Thread 0x00000283b80717e0 DEOPT PACKING pc=0x00000283c11310cc sp=0x000000f82f4fc370
Event: 27.100 Thread 0x00000283b80717e0 DEOPT UNPACKING pc=0x00000283c86866e3 sp=0x000000f82f4fb838 mode 0
Event: 27.165 Thread 0x00000283b80717e0 DEOPT PACKING pc=0x00000283c11310cc sp=0x000000f82f4fb930
Event: 27.165 Thread 0x00000283b80717e0 DEOPT UNPACKING pc=0x00000283c86866e3 sp=0x000000f82f4fadf8 mode 0
Event: 27.203 Thread 0x00000283b80717e0 Uncommon trap: trap_request=0xffffff45 fr.pc=0x00000283c917dca8 relative=0x0000000000001828
Event: 27.203 Thread 0x00000283b80717e0 Uncommon trap: reason=unstable_if action=reinterpret pc=0x00000283c917dca8 method=com.sun.tools.javac.comp.Check.getAttributeTargetAttribute(Lcom/sun/tools/javac/code/Symbol$TypeSymbol;)Lcom/sun/tools/javac/code/Attribute$Array; @ 9 c2
Event: 27.203 Thread 0x00000283b80717e0 DEOPT PACKING pc=0x00000283c917dca8 sp=0x000000f82f4fd2e0
Event: 27.203 Thread 0x00000283b80717e0 DEOPT UNPACKING pc=0x00000283c8685ba3 sp=0x000000f82f4fd210 mode 2
Event: 27.298 Thread 0x00000283b80717e0 DEOPT PACKING pc=0x00000283c1e786e3 sp=0x000000f82f4fa790
Event: 27.298 Thread 0x00000283b80717e0 DEOPT UNPACKING pc=0x00000283c86866e3 sp=0x000000f82f4f9c00 mode 0
Event: 27.425 Thread 0x00000283b80717e0 DEOPT PACKING pc=0x00000283c1de39eb sp=0x000000f82f4f8b80
Event: 27.425 Thread 0x00000283b80717e0 DEOPT UNPACKING pc=0x00000283c86866e3 sp=0x000000f82f4f8030 mode 0
Event: 27.442 Thread 0x00000283b80717e0 DEOPT PACKING pc=0x00000283c1de39eb sp=0x000000f82f4f8b80
Event: 27.442 Thread 0x00000283b80717e0 DEOPT UNPACKING pc=0x00000283c86866e3 sp=0x000000f82f4f8030 mode 0
Event: 27.480 Thread 0x00000283b80717e0 DEOPT PACKING pc=0x00000283c1de39eb sp=0x000000f82f4f8b80
Event: 27.480 Thread 0x00000283b80717e0 DEOPT UNPACKING pc=0x00000283c86866e3 sp=0x000000f82f4f8030 mode 0

Classes unloaded (0 events):
No events

Classes redefined (0 events):
No events

Internal exceptions (20 events):
Event: 27.194 Thread 0x00000283b80717e0 Exception <a 'sun/nio/fs/WindowsException'{0x000000070a06a3a0}> (0x000000070a06a3a0) 
thrown [s\open\src\hotspot\share\prims\jni.cpp, line 516]
Event: 27.194 Thread 0x00000283b80717e0 Exception <a 'sun/nio/fs/WindowsException'{0x000000070a06b630}> (0x000000070a06b630) 
thrown [s\open\src\hotspot\share\prims\jni.cpp, line 516]
Event: 27.194 Thread 0x00000283b80717e0 Exception <a 'sun/nio/fs/WindowsException'{0x000000070a06ba48}> (0x000000070a06ba48) 
thrown [s\open\src\hotspot\share\prims\jni.cpp, line 516]
Event: 27.194 Thread 0x00000283b80717e0 Exception <a 'sun/nio/fs/WindowsException'{0x000000070a06dd40}> (0x000000070a06dd40) 
thrown [s\open\src\hotspot\share\prims\jni.cpp, line 516]
Event: 27.194 Thread 0x00000283b80717e0 Exception <a 'sun/nio/fs/WindowsException'{0x000000070a06e100}> (0x000000070a06e100) 
thrown [s\open\src\hotspot\share\prims\jni.cpp, line 516]
Event: 27.194 Thread 0x00000283b80717e0 Exception <a 'sun/nio/fs/WindowsException'{0x000000070a071b68}> (0x000000070a071b68) 
thrown [s\open\src\hotspot\share\prims\jni.cpp, line 516]
Event: 27.194 Thread 0x00000283b80717e0 Exception <a 'sun/nio/fs/WindowsException'{0x000000070a071f78}> (0x000000070a071f78) 
thrown [s\open\src\hotspot\share\prims\jni.cpp, line 516]
Event: 27.195 Thread 0x00000283b80717e0 Exception <a 'sun/nio/fs/WindowsException'{0x000000070a0732c8}> (0x000000070a0732c8) 
thrown [s\open\src\hotspot\share\prims\jni.cpp, line 516]
Event: 27.195 Thread 0x00000283b80717e0 Exception <a 'sun/nio/fs/WindowsException'{0x000000070a0737a0}> (0x000000070a0737a0) 
thrown [s\open\src\hotspot\share\prims\jni.cpp, line 516]
Event: 27.198 Thread 0x00000283b80717e0 Exception <a 'sun/nio/fs/WindowsException'{0x000000070a0f5ab8}> (0x000000070a0f5ab8) 
thrown [s\open\src\hotspot\share\prims\jni.cpp, line 516]
Event: 27.198 Thread 0x00000283b80717e0 Exception <a 'sun/nio/fs/WindowsException'{0x000000070a0f5f00}> (0x000000070a0f5f00) 
thrown [s\open\src\hotspot\share\prims\jni.cpp, line 516]
Event: 27.199 Thread 0x00000283b80717e0 Exception <a 'sun/nio/fs/WindowsException'{0x000000070a0f7440}> (0x000000070a0f7440) 
thrown [s\open\src\hotspot\share\prims\jni.cpp, line 516]
Event: 27.199 Thread 0x00000283b80717e0 Exception <a 'sun/nio/fs/WindowsException'{0x000000070a0f7860}> (0x000000070a0f7860) 
thrown [s\open\src\hotspot\share\prims\jni.cpp, line 516]
Event: 27.200 Thread 0x00000283b80717e0 Exception <a 'sun/nio/fs/WindowsException'{0x000000070a10fcf0}> (0x000000070a10fcf0) 
thrown [s\open\src\hotspot\share\prims\jni.cpp, line 516]
Event: 27.200 Thread 0x00000283b80717e0 Exception <a 'sun/nio/fs/WindowsException'{0x000000070a1100d0}> (0x000000070a1100d0) 
thrown [s\open\src\hotspot\share\prims\jni.cpp, line 516]
Event: 27.201 Thread 0x00000283b80717e0 Exception <a 'sun/nio/fs/WindowsException'{0x000000070a15e6b8}> (0x000000070a15e6b8) 
thrown [s\open\src\hotspot\share\prims\jni.cpp, line 516]
Event: 27.201 Thread 0x00000283b80717e0 Exception <a 'sun/nio/fs/WindowsException'{0x000000070a15ead8}> (0x000000070a15ead8) 
thrown [s\open\src\hotspot\share\prims\jni.cpp, line 516]
Event: 27.202 Thread 0x00000283b80717e0 Exception <a 'sun/nio/fs/WindowsException'{0x000000070a1600d8}> (0x000000070a1600d8) 
thrown [s\open\src\hotspot\share\prims\jni.cpp, line 516]
Event: 27.202 Thread 0x00000283b80717e0 Exception <a 'sun/nio/fs/WindowsException'{0x000000070a1605b8}> (0x000000070a1605b8) 
thrown [s\open\src\hotspot\share\prims\jni.cpp, line 516]
Event: 27.203 Thread 0x00000283b80717e0 Implicit null exception at 0x00000283c917c52c to 0x00000283c917dc9c

VM Operations (20 events):
Event: 25.500 Executing VM operation: ICBufferFull done
Event: 25.680 Executing VM operation: HandshakeAllThreads
Event: 25.680 Executing VM operation: HandshakeAllThreads done
Event: 25.732 Executing VM operation: ICBufferFull
Event: 25.733 Executing VM operation: ICBufferFull done
Event: 25.887 Executing VM operation: ICBufferFull
Event: 25.887 Executing VM operation: ICBufferFull done
Event: 26.007 Executing VM operation: G1TryInitiateConcMark
Event: 26.020 Executing VM operation: G1TryInitiateConcMark done
Event: 26.178 Executing VM operation: HandshakeAllThreads
Event: 26.178 Executing VM operation: HandshakeAllThreads done
Event: 26.206 Executing VM operation: HandshakeAllThreads
Event: 26.206 Executing VM operation: HandshakeAllThreads done
Event: 26.351 Executing VM operation: HandshakeAllThreads
Event: 26.351 Executing VM operation: HandshakeAllThreads done
Event: 26.354 Executing VM operation: G1TryInitiateConcMark
Event: 26.363 Executing VM operation: G1TryInitiateConcMark done
Event: 26.999 Executing VM operation: HandshakeAllThreads
Event: 26.999 Executing VM operation: HandshakeAllThreads done
Event: 27.484 Executing VM operation: G1CollectForAllocation

Events (20 events):
Event: 26.374 Thread 0x000002841e026930 flushing nmethod 0x00000283c24d8c10
Event: 26.374 Thread 0x000002841e026930 flushing nmethod 0x00000283c24f5410
Event: 26.374 Thread 0x000002841e026930 flushing nmethod 0x00000283c24fee90
Event: 26.374 Thread 0x000002841e026930 flushing nmethod 0x00000283c2523c10
Event: 26.374 Thread 0x000002841e026930 flushing nmethod 0x00000283c252b990
Event: 26.374 Thread 0x000002841e026930 flushing nmethod 0x00000283c2533a10
Event: 26.374 Thread 0x000002841e026930 flushing nmethod 0x00000283c257f490
Event: 26.374 Thread 0x000002841e026930 flushing nmethod 0x00000283c25e0190
Event: 26.374 Thread 0x000002841e026930 flushing nmethod 0x00000283c2607a90
Event: 26.374 Thread 0x000002841e026930 flushing nmethod 0x00000283c260f590
Event: 26.374 Thread 0x000002841e026930 flushing nmethod 0x00000283c260ff10
Event: 26.375 Thread 0x000002841e026930 flushing nmethod 0x00000283c26dac90
Event: 26.375 Thread 0x000002841e026930 flushing nmethod 0x00000283c2729b90
Event: 26.375 Thread 0x000002841e026930 flushing nmethod 0x00000283c272ac10
Event: 26.375 Thread 0x000002841e026930 flushing nmethod 0x00000283c272d110
Event: 26.375 Thread 0x000002841e026930 flushing nmethod 0x00000283c2734b10
Event: 26.375 Thread 0x000002841e026930 flushing nmethod 0x00000283c274f390
Event: 26.375 Thread 0x000002841e026930 flushing nmethod 0x00000283c2760b10
Event: 27.228 loading class jdk/internal/module/IllegalAccessLogger
Event: 27.228 loading class jdk/internal/module/IllegalAccessLogger done


Dynamic libraries:
0x00007ff724280000 - 0x00007ff724290000 	C:\Program Files\Java\jdk-17\bin\java.exe
0x00007ffb97940000 - 0x00007ffb97ba7000 	C:\WINDOWS\SYSTEM32\ntdll.dll
0x00007ffb96a40000 - 0x00007ffb96b09000 	C:\WINDOWS\System32\KERNEL32.DLL
0x00007ffb951b0000 - 0x00007ffb9559f000 	C:\WINDOWS\System32\KERNELBASE.dll
0x00007ffb95030000 - 0x00007ffb9517b000 	C:\WINDOWS\System32\ucrtbase.dll
0x00007ffb6a6c0000 - 0x00007ffb6a6db000 	C:\Program Files\Java\jdk-17\bin\VCRUNTIME140.dll
0x00007ffb6a6a0000 - 0x00007ffb6a6b9000 	C:\Program Files\Java\jdk-17\bin\jli.dll
0x00007ffb96de0000 - 0x00007ffb96e94000 	C:\WINDOWS\System32\ADVAPI32.dll
0x00007ffb96c80000 - 0x00007ffb96d29000 	C:\WINDOWS\System32\msvcrt.dll
0x00007ffb96d30000 - 0x00007ffb96dd6000 	C:\WINDOWS\System32\sechost.dll
0x00007ffb95a50000 - 0x00007ffb95b68000 	C:\WINDOWS\System32\RPCRT4.dll
0x00007ffb96870000 - 0x00007ffb96a35000 	C:\WINDOWS\System32\USER32.dll
0x00007ffb7a6b0000 - 0x00007ffb7a943000 	C:\WINDOWS\WinSxS\amd64_microsoft.windows.common-controls_6595b64144ccf1df_6.0.26100.7309_none_3e05feeae336a044\COMCTL32.dll
0x00007ffb95180000 - 0x00007ffb951a7000 	C:\WINDOWS\System32\win32u.dll
0x00007ffb95880000 - 0x00007ffb958ab000 	C:\WINDOWS\System32\GDI32.dll
0x00007ffb955b0000 - 0x00007ffb956dc000 	C:\WINDOWS\System32\gdi32full.dll
0x00007ffb94f80000 - 0x00007ffb95023000 	C:\WINDOWS\System32\msvcp_win.dll
0x00007ffb8b180000 - 0x00007ffb8b18b000 	C:\WINDOWS\SYSTEM32\VERSION.dll
0x00007ffb96fd0000 - 0x00007ffb97001000 	C:\WINDOWS\System32\IMM32.DLL
0x00007ffb7ae80000 - 0x00007ffb7ae8c000 	C:\Program Files\Java\jdk-17\bin\vcruntime140_1.dll
0x00007ffb7adf0000 - 0x00007ffb7ae7e000 	C:\Program Files\Java\jdk-17\bin\msvcp140.dll
0x00007ffb69ac0000 - 0x00007ffb6a6a0000 	C:\Program Files\Java\jdk-17\bin\server\jvm.dll
0x00007ffb96ea0000 - 0x00007ffb96ea8000 	C:\WINDOWS\System32\PSAPI.DLL
0x00007ffb92360000 - 0x00007ffb92395000 	C:\WINDOWS\SYSTEM32\WINMM.dll
0x00007ffb7ade0000 - 0x00007ffb7adea000 	C:\WINDOWS\SYSTEM32\WSOCK32.dll
0x00007ffb95c40000 - 0x00007ffb95cb4000 	C:\WINDOWS\System32\WS2_32.dll
0x00007ffb937a0000 - 0x00007ffb937bb000 	C:\WINDOWS\SYSTEM32\kernel.appcore.dll
0x00007ffb7add0000 - 0x00007ffb7adda000 	C:\Program Files\Java\jdk-17\bin\jimage.dll
0x00007ffb92090000 - 0x00007ffb922d2000 	C:\WINDOWS\SYSTEM32\DBGHELP.DLL
0x00007ffb96150000 - 0x00007ffb964d5000 	C:\WINDOWS\System32\combase.dll
0x00007ffb96780000 - 0x00007ffb96856000 	C:\WINDOWS\System32\OLEAUT32.dll
0x00007ffb922e0000 - 0x00007ffb9231c000 	C:\WINDOWS\SYSTEM32\dbgcore.DLL
0x00007ffb94d50000 - 0x00007ffb94df5000 	C:\WINDOWS\System32\bcryptPrimitives.dll
0x00007ffb7ad90000 - 0x00007ffb7adb5000 	C:\Program Files\Java\jdk-17\bin\java.dll
0x00007ffb69920000 - 0x00007ffb699f7000 	C:\Program Files\Java\jdk-17\bin\jsvml.dll
0x00007ffb97070000 - 0x00007ffb977c3000 	C:\WINDOWS\System32\SHELL32.dll
0x00007ffb94be0000 - 0x00007ffb94d4a000 	C:\WINDOWS\System32\wintypes.dll
0x00007ffb92660000 - 0x00007ffb92ebe000 	C:\WINDOWS\SYSTEM32\windows.storage.dll
0x00007ffb95950000 - 0x00007ffb95a45000 	C:\WINDOWS\System32\SHCORE.dll
0x00007ffb96eb0000 - 0x00007ffb96f16000 	C:\WINDOWS\System32\shlwapi.dll
0x00007ffb949b0000 - 0x00007ffb949d9000 	C:\WINDOWS\SYSTEM32\profapi.dll
0x00007ffb69850000 - 0x00007ffb69869000 	C:\Program Files\Java\jdk-17\bin\net.dll
0x00007ffb8e7a0000 - 0x00007ffb8e8c8000 	C:\WINDOWS\SYSTEM32\WINHTTP.dll
0x00007ffb93db0000 - 0x00007ffb93e1b000 	C:\WINDOWS\system32\mswsock.dll
0x00007ffb69830000 - 0x00007ffb69846000 	C:\Program Files\Java\jdk-17\bin\nio.dll
0x00007ffb69790000 - 0x00007ffb697a8000 	C:\Program Files\Java\jdk-17\bin\zip.dll
0x00007ffb82370000 - 0x00007ffb82394000 	C:\Program Files\Apache\Maven\apache-maven-3.9.11\lib\jansi-native\Windows\x86_64\jansi.dll
0x00007ffb828b0000 - 0x00007ffb828c0000 	C:\Program Files\Java\jdk-17\bin\verify.dll
0x00007ffb93960000 - 0x00007ffb93996000 	C:\WINDOWS\SYSTEM32\ntmarta.dll

dbghelp: loaded successfully - version: 4.0.5 - missing functions: none
symbol engine: initialized successfully - sym options: 0x614 - pdb path: .;C:\Program Files\Java\jdk-17\bin;C:\WINDOWS\SYSTEM32;C:\WINDOWS\WinSxS\amd64_microsoft.windows.common-controls_6595b64144ccf1df_6.0.26100.7309_none_3e05feeae336a044;C:\Program Files\Java\jdk-17\bin\server;C:\Program Files\Apache\Maven\apache-maven-3.9.11\lib\jansi-native\Windows\x86_64

VM Arguments:
jvm_args: --enable-native-access=ALL-UNNAMED -Dclassworlds.conf=C:\Program Files\Apache\Maven\apache-maven-3.9.11\bin\m2.conf -Dmaven.home=C:\Program Files\Apache\Maven\apache-maven-3.9.11 -Dlibrary.jansi.path=C:\Program Files\Apache\Maven\apache-maven-3.9.11\lib\jansi-native -Dmaven.multiModuleProjectDirectory=C:\Users\youco\IdeaProjects\SmartLogi-Delivery-Management-System-V2\smrt 
java_command: org.codehaus.plexus.classworlds.launcher.Launcher clean compile test-compile
java_class_path (initial): C:\Program Files\Apache\Maven\apache-maven-3.9.11\boot\plexus-classworlds-2.9.0.jar
Launcher Type: SUN_STANDARD

[Global flags]
     intx CICompilerCount                          = 4                                         {product} {ergonomic}
     uint ConcGCThreads                            = 2                                         {product} {ergonomic}
     uint G1ConcRefinementThreads                  = 8                                         {product} {ergonomic}
   size_t G1HeapRegionSize                         = 2097152                                   {product} {ergonomic}
    uintx GCDrainStackTargetSize                   = 64                                        {product} {ergonomic}
   size_t InitialHeapSize                          = 264241152                                 {product} {ergonomic}
   size_t MarkStackSize                            = 4194304                                   {product} {ergonomic}
   size_t MaxHeapSize                              = 4227858432                                {product} {ergonomic}
   size_t MaxNewSize                               = 2535456768                                {product} {ergonomic}
   size_t MinHeapDeltaBytes                        = 2097152                                   {product} {ergonomic}
   size_t MinHeapSize                              = 8388608                                   {product} {ergonomic}
    uintx NonNMethodCodeHeapSize                   = 5839372                                {pd product} {ergonomic}
    uintx NonProfiledCodeHeapSize                  = 122909434                              {pd product} {ergonomic}
    uintx ProfiledCodeHeapSize                     = 122909434                              {pd product} {ergonomic}
    uintx ReservedCodeCacheSize                    = 251658240                              {pd product} {ergonomic}
     bool SegmentedCodeCache                       = true                                      {product} {ergonomic}
   size_t SoftMaxHeapSize                          = 4227858432                             {manageable} {ergonomic}
     bool UseCompressedClassPointers               = true                           {product lp64_product} {ergonomic}
     bool UseCompressedOops                        = true                           {product lp64_product} {ergonomic}
     bool UseG1GC                                  = true                                      {product} {ergonomic}
     bool UseLargePagesIndividualAllocation        = false                                  {pd product} {ergonomic}

Logging:
Log output configuration:
 #0: stdout all=warning uptime,level,tags
 #1: stderr all=off uptime,level,tags

Environment Variables:
JAVA_HOME=C:\Program Files\Java\jdk-17
PATH=C:\Program Files\Common Files\Oracle\Java\javapath;C:\Program Files\Eclipse Adoptium\jdk-8.0.462.8-hotspot\bin;C:\Program Files (x86)\Common Files\Oracle\Java\java8path;C:\Program Files (x86)\Common Files\Oracle\Java\javapath;C:\Python313\Scripts\;C:\Python313\;C:\WINDOWS\system32;C:\WINDOWS;C:\WINDOWS\System32\Wbem;C:\WINDOWS\System32\WindowsPowerShell\v1.0\;C:\WINDOWS\System32\OpenSSH\;C:\php;C:\php-8.2.28;C:\Program Files\Git\cmd;C:\ProgramData\ComposerSetup\bin;C:\ProgramData\chocolatey\bin;C:\Program Files\nodejs\;C:\Program Files\Java\;C:\Program Files\Java\jdk-17;C:\Program Files\Apache\Maven\apache-maven-3.9.11\bin;;C:\Program Files\Docker\Docker\resources\bin;C:\Users\youco\AppData\Local\Microsoft\WindowsApps;C:\Users\youco\AppData\Local\Programs\Microsoft VS Code\bin;C:\Users\youco\AppData\Roaming\Composer\vendor\bin;C:\Users\youco\AppData\Local\Microsoft\WinGet\Packages\Schniz.fnm_Microsoft.Winget.Source_8wekyb3d8bbwe;C:\Users\youco\AppData\Local\Programs\Windsurf\bin;C:\Users\youco\AppData\Roaming\npm;C:\Users\youco\AppData\Local\Programs\cursor\resources\app\bin;C:\Program Files\JetBrains\IntelliJ IDEA 2025.2.1\bin
USERNAME=youco
OS=Windows_NT
PROCESSOR_IDENTIFIER=Intel64 Family 6 Model 140 Stepping 1, GenuineIntel



---------------  S Y S T E M  ---------------

OS:
 Windows 11 , 64 bit Build 26100 (10.0.26100.7309)
OS uptime: 5 days 1:11 hours
Hyper-V role detected

CPU: total 8 (initial active 8) (4 cores per cpu, 2 threads per core) family 6 model 140 stepping 1 microcode 0xbc, cx8, cmov, fxsr, ht, mmx, 3dnowpref, sse, sse2, sse3, ssse3, sse4.1, sse4.2, popcnt, lzcnt, tsc, tscinvbit, avx, avx2, aes, erms, clmul, bmi1, bmi2, adx, avx512f, avx512dq, avx512cd, avx512bw, avx512vl, sha, fma, vzeroupper, avx512_vpopcntdq, avx512_vpclmulqdq, avx512_vaes, avx512_vnni, clflush, clflushopt, clwb, avx512_vbmi2, avx512_vbmi, hv

Memory: 4k page, system-wide physical 16122M (720M free)
TotalPageFile size 65274M (AvailPageFile size 32M)
current process WorkingSet (physical memory assigned to process): 359M, peak: 387M
current process commit charge ("private bytes"): 391M, peak: 446M

vm_info: Java HotSpot(TM) 64-Bit Server VM (17.0.12+8-LTS-286) for windows-amd64 JRE (17.0.12+8-LTS-286), built on Jun  5 2024 06:46:59 by "mach5one" with MS VC++ 17.6 (VS2022)

END.
